C51 COMPILER V6.10  ISM67                                                                  03/21/2001 20:21:52 PAGE 1   


C51 COMPILER V6.10, COMPILATION OF MODULE ISM67
OBJECT MODULE PLACED IN .\ISM67.OBJ
COMPILER INVOKED BY: C:\Program Files\Keil\C51\BIN\C51.EXE .\ISM67.c DEBUG OBJECTEXTEND CODE

stmt level    source

   1          #include <reg51.h>
   2          
   3          void main(void) {
   4   1      	unsigned char code sqrt[]={
   5   1      	0,7,10,12,14,16,17,19,20,21,23,24,25,26,27,28,29,29,30,31,32,33,33,
   6   1      	34,35,36,36,37,38,38,39,40,40,41,42,42,43,43,44,45,45,46,46,47,47,
   7   1      	48,48,49,49,50,50,51,51,52,52,53,53,54,54,55,55,56,56,57,57,58,58,
   8   1      	58,59,59,60,60,61,61,61,62,62,63,63,63,64,64,65,65,65,66,66,67,67,
   9   1      	67,68,68,68,69,69,70,70,70,71,71,71,72,72,72,73,73,74,74,74,75,75,
  10   1      	75,76,76,76,77,77,77,78,78,78,79,79,79,80,80,80,80,81,81,81,82,82,
  11   1      	82,83,83,83,84,84,84,84,85,85,85,86,86,86,87,87,87,87,88,88,88,89,
  12   1      	89,89,89,90,90,90,91,91,91,91,92,92,92,93,93,93,93,94,94,94,94,95,
  13   1      	95,95,96,96,96,96,97,97,97,97,98,98,98,98,99,99,99,99,100,100,100,
  14   1      	100,101,101,101,101,102,102,102,102,103,103,103,103,104,104,104,104,
  15   1      	105,105,105,105,106,106,106,106,107,107,107,107,108,108,108,108,109,
  16   1      	109,109,109,109,110,110,110,110,111,111,111,111,112,112,112,112,112,
  17   1      	113,113,113,113,114,114,114};
  18   1      	while(1){
  19   2      		P2=sqrt[P1];
  20   2      		}
  21   1      }
  22          
  23          /*#include <math.h>
  24          #include <reg51.h>
  25          void main(void){
  26            while(1){
  27            P2=(unsigned char) 51.0*sqrt(5.0*(float)(P1/255.));
  28           }
  29          }
  30          */
C51 COMPILER V6.10  ISM67                                                                  03/21/2001 20:21:52 PAGE 2   

ASSEMBLY LISTING OF GENERATED OBJECT CODE


             ; FUNCTION main (BEGIN)
                                           ; SOURCE LINE # 3
0000         ?C0001:
                                           ; SOURCE LINE # 18
                                           ; SOURCE LINE # 19
0000 AF90              MOV     R7,P1
0002 EF                MOV     A,R7
0003 900000      R     MOV     DPTR,#sqrt
0006 93                MOVC    A,@A+DPTR
0007 F5A0              MOV     P2,A
                                           ; SOURCE LINE # 20
0009 80F5              SJMP    ?C0001
             ; FUNCTION main (END)



MODULE INFORMATION:   STATIC OVERLAYABLE
   CODE SIZE        =     11    ----
   CONSTANT SIZE    =    256    ----
   XDATA SIZE       =   ----    ----
   PDATA SIZE       =   ----    ----
   DATA SIZE        =   ----    ----
   IDATA SIZE       =   ----    ----
   BIT SIZE         =   ----    ----
END OF MODULE INFORMATION.


C51 COMPILATION COMPLETE.  0 WARNING(S),  0 ERROR(S)
