dumbo[130] ~/d.stdlib => a.out
please enter file name: alice_emma

line read: Alice Emma has long flowing red hair. Her Daddy says
line read: when the wind blows through her hair, it looks almost alive,
line read: like a fiery bird in flight. A beautiful fiery bird, he tells her,
line read: magical but untamed. "Daddy, shush, there is no such thing,"
line read: she tells him, at the same time wanting him to tell her more.
line read: Shyly, she asks, "I mean, Daddy, is there?"

number of lines: 6
maximum length: 66
longest line: like a fiery bird in flight. A beautiful fiery bird, he tells her,
textline: Alice Emma has long flowing red hair. Her Daddy says
eol: 52 pos: 5 line: 0 word: 0 substring: Alice
eol: 52 pos: 10 line: 0 word: 1 substring: Emma
eol: 52 pos: 14 line: 0 word: 2 substring: has
eol: 52 pos: 19 line: 0 word: 3 substring: long
eol: 52 pos: 27 line: 0 word: 4 substring: flowing
eol: 52 pos: 31 line: 0 word: 5 substring: red
eol: 52 pos: 37 line: 0 word: 6 substring: hair.
eol: 52 pos: 41 line: 0 word: 7 substring: Her
eol: 52 pos: 47 line: 0 word: 8 substring: Daddy
last word on line substring: says
textline: when the wind blows through her hair, it looks almost alive,
eol: 60 pos: 4 line: 1 word: 0 substring: when
eol: 60 pos: 8 line: 1 word: 1 substring: the
eol: 60 pos: 13 line: 1 word: 2 substring: wind
eol: 60 pos: 19 line: 1 word: 3 substring: blows
eol: 60 pos: 27 line: 1 word: 4 substring: through
eol: 60 pos: 31 line: 1 word: 5 substring: her
eol: 60 pos: 37 line: 1 word: 6 substring: hair,
eol: 60 pos: 40 line: 1 word: 7 substring: it
eol: 60 pos: 46 line: 1 word: 8 substring: looks
eol: 60 pos: 53 line: 1 word: 9 substring: almost
last word on line substring: alive,
textline: like a fiery bird in flight. A beautiful fiery bird, he tells her,
eol: 66 pos: 4 line: 2 word: 0 substring: like
eol: 66 pos: 6 line: 2 word: 1 substring: a
eol: 66 pos: 12 line: 2 word: 2 substring: fiery
eol: 66 pos: 17 line: 2 word: 3 substring: bird
eol: 66 pos: 20 line: 2 word: 4 substring: in
eol: 66 pos: 28 line: 2 word: 5 substring: flight.
eol: 66 pos: 30 line: 2 word: 6 substring: A
eol: 66 pos: 40 line: 2 word: 7 substring: beautiful
eol: 66 pos: 46 line: 2 word: 8 substring: fiery
eol: 66 pos: 52 line: 2 word: 9 substring: bird,
eol: 66 pos: 55 line: 2 word: 10 substring: he
eol: 66 pos: 61 line: 2 word: 11 substring: tells
last word on line substring: her,
textline: magical but untamed. "Daddy, shush, there is no such thing,"
eol: 60 pos: 7 line: 3 word: 0 substring: magical
eol: 60 pos: 11 line: 3 word: 1 substring: but
eol: 60 pos: 20 line: 3 word: 2 substring: untamed.
eol: 60 pos: 28 line: 3 word: 3 substring: "Daddy,
eol: 60 pos: 35 line: 3 word: 4 substring: shush,
eol: 60 pos: 41 line: 3 word: 5 substring: there
eol: 60 pos: 44 line: 3 word: 6 substring: is
eol: 60 pos: 47 line: 3 word: 7 substring: no
eol: 60 pos: 52 line: 3 word: 8 substring: such
last word on line substring: thing,"
textline: she tells him, at the same time wanting him to tell her more.
eol: 61 pos: 3 line: 4 word: 0 substring: she
eol: 61 pos: 9 line: 4 word: 1 substring: tells
eol: 61 pos: 14 line: 4 word: 2 substring: him,
eol: 61 pos: 17 line: 4 word: 3 substring: at
eol: 61 pos: 21 line: 4 word: 4 substring: the
eol: 61 pos: 26 line: 4 word: 5 substring: same
eol: 61 pos: 31 line: 4 word: 6 substring: time
eol: 61 pos: 39 line: 4 word: 7 substring: wanting
eol: 61 pos: 43 line: 4 word: 8 substring: him
eol: 61 pos: 46 line: 4 word: 9 substring: to
eol: 61 pos: 51 line: 4 word: 10 substring: tell
eol: 61 pos: 55 line: 4 word: 11 substring: her
last word on line substring: more.
textline: Shyly, she asks, "I mean, Daddy, is there?"
eol: 43 pos: 6 line: 5 word: 0 substring: Shyly,
eol: 43 pos: 10 line: 5 word: 1 substring: she
eol: 43 pos: 16 line: 5 word: 2 substring: asks,
eol: 43 pos: 19 line: 5 word: 3 substring: "I
eol: 43 pos: 25 line: 5 word: 4 substring: mean,
eol: 43 pos: 32 line: 5 word: 5 substring: Daddy,
eol: 43 pos: 35 line: 5 word: 6 substring: is
last word on line substring: there?"
----------- about to generate text read --------------
Alice Emma has long flowing red hair. Her Daddy says
when the wind blows through her hair, it looks almost alive,
like a fiery bird in flight. A beautiful fiery bird, he tells her,
magical but untamed. "Daddy, shush, there is no such thing,"
she tells him, at the same time wanting him to tell her more.
Shyly, she asks, "I mean, Daddy, is there?"
----------- about to word and location data --------------
word: Alice     location: (0,0)
word: Emma      location: (0,1)
word: has       location: (0,2)
word: long      location: (0,3)
word: flowing   location: (0,4)
word: red       location: (0,5)
word: hair.     location: (0,6)
word: Her       location: (0,7)
word: Daddy     location: (0,8)
word: says      location: (0,9)
word: when      location: (1,0)
word: the       location: (1,1)
word: wind      location: (1,2)
word: blows     location: (1,3)
word: through   location: (1,4)
word: her       location: (1,5)
word: hair,     location: (1,6)
word: it        location: (1,7)
word: looks     location: (1,8)
word: almost    location: (1,9)
word: alive,    location: (1,10)
word: like      location: (2,0)
word: a location: (2,1)
word: fiery     location: (2,2)
word: bird      location: (2,3)
word: in        location: (2,4)
word: flight.   location: (2,5)
word: A location: (2,6)
word: beautiful location: (2,7)
word: fiery     location: (2,8)
word: bird,     location: (2,9)
word: he        location: (2,10)
word: tells     location: (2,11)
word: her,      location: (2,12)
word: magical   location: (3,0)
word: but       location: (3,1)
word: untamed.  location: (3,2)
word: "Daddy,   location: (3,3)
word: shush,    location: (3,4)
word: there     location: (3,5)
word: is        location: (3,6)
word: no        location: (3,7)
word: such      location: (3,8)
word: thing,"   location: (3,9)
word: she       location: (4,0)
word: tells     location: (4,1)
word: him,      location: (4,2)
word: at        location: (4,3)
word: the       location: (4,4)
word: same      location: (4,5)
word: time      location: (4,6)
word: wanting   location: (4,7)
word: him       location: (4,8)
word: to        location: (4,9)
word: tell      location: (4,10)
word: her       location: (4,11)
word: more.     location: (4,12)
word: Shyly,    location: (5,0)
word: she       location: (5,1)
word: asks,     location: (5,2)
word: "I        location: (5,3)
word: mean,     location: (5,4)
word: Daddy,    location: (5,5)
word: is        location: (5,6)
word: there?"   location: (5,7)

