C51 COMPILER V6.10  MAIN                                                                   04/23/2001 18:23:00 PAGE 1   


C51 COMPILER V6.10, COMPILATION OF MODULE MAIN
OBJECT MODULE PLACED IN .\main.OBJ
COMPILER INVOKED BY: C:\Program Files\Keil\C51\BIN\C51.EXE .\main.c DEBUG OBJECTEXTEND

stmt level    source

   1          #include <reg51.h>
   2          #define DELAY (1000-10) //Delay time in microseconds
   3          
   4          void output_freq( void )
   5          {
   6   1      	P0=TL1;
   7   1      	P1=TH1;
   8   1      }
   9          
  10          void main( void )
  11          {
  12   1      	unsigned char j;
  13   1      	TMOD=0x51; //Timer 1=16 Counter; Timer 0=16 Timer
  14   1      	while (1) {
  15   2      		TH1=0;
  16   2      		TL1=0;
  17   2      		for (j=100; j>0; j--) {
  18   3      			TH0=-DELAY>>8;
  19   3      			TL0=-DELAY&0xFF;
  20   3      			TR0=1;
  21   3      			TR1=1;
  22   3      			while(!TF0);
  23   3      			TR0=0;
  24   3      			TF0=0;
  25   3      		}
  26   2      		TR1=0;
  27   2      
  28   2      		output_freq();
  29   2      	}
  30   1      }


MODULE INFORMATION:   STATIC OVERLAYABLE
   CODE SIZE        =     43    ----
   CONSTANT SIZE    =   ----    ----
   XDATA SIZE       =   ----    ----
   PDATA SIZE       =   ----    ----
   DATA SIZE        =   ----    ----
   IDATA SIZE       =   ----    ----
   BIT SIZE         =   ----    ----
END OF MODULE INFORMATION.


C51 COMPILATION COMPLETE.  0 WARNING(S),  0 ERROR(S)
