C51 COMPILER V6.10  MAIN_FULL                                                              03/26/2001 18:00:25 PAGE 1   


C51 COMPILER V6.10, COMPILATION OF MODULE MAIN_FULL
OBJECT MODULE PLACED IN .\main_full.OBJ
COMPILER INVOKED BY: C:\Program Files\Keil\C51\BIN\C51.EXE .\main_full.c DEBUG OBJECTEXTEND CODE

stmt level    source

   1          /********************************************************************/
   2          /*					  Programming Assignment 8						*/
   3          /*				Table Lookup - Restricted Output					*/
   4          /*																	*/
   5          /* This program calculates the tangent of an angle input on P1 and  */
   6          /* outputs the result on P2.  The input angle is limited from -89   */
   7          /* to 89 degrees.  The input 0x00 corresponds to -89 degrees and    */
   8          /* 0xFF corresponds to 89 degrees.  Values of tangent at angles		*/
   9          /* less than -70 degrees are made equal to 0x00.  Values of tangent	*/
  10          /* at angles greater than 70 degrees are made equal to 0xFF.  The   */
  11          /* value at tan(-70)=-2.747477 which corresponds to the output 0x00.*/
  12          /* The value at tan(70)=2.747477 which corresponds to the output    */
  13          /* 0xFF.															*/
  14          /********************************************************************/
  15          
  16          
  17          #include <reg51.h>	//Include register definitions
  18          
  19          void main(void) {
  20   1      
  21   1      	//Create lookup table
  22   1      	code unsigned char tan[]={
  23   1      	0,0,0,0,0,0,0,0,0,0,0,0,0,0,0,0,0,0,0,0,0,0,0,0,0,0,0,0,3,8,12,16,
  24   1      	19,23,26,29,32,35,38,41,43,45,48,50,52,54,56,58,59,61,63,65,66,68,69,
  25   1      	70,72,73,75,76,77,78,79,81,82,83,84,85,86,87,88,89,90,91,92,92,93,94,
  26   1      	95,96,97,97,98,99,100,101,101,102,103,103,104,105,106,106,107,108,108,
  27   1      	109,110,110,111,111,112,113,113,114,115,115,116,116,117,118,118,119,
  28   1      	119,120,120,121,122,122,123,123,124,124,125,126,126,127,127,128,128,
  29   1      	129,130,130,131,131,132,132,133,134,134,135,135,136,136,137,138,138,
  30   1      	139,139,140,141,141,142,143,143,144,144,145,146,146,147,148,148,149,
  31   1      	150,151,151,152,153,153,154,155,156,157,157,158,159,160,161,162,162,
  32   1      	163,164,165,166,167,168,169,170,171,172,173,175,176,177,178,179,181,
  33   1      	182,184,185,186,188,189,191,193,195,196,198,200,202,204,206,209,211,
  34   1      	213,216,219,222,225,228,231,235,238,242,246,251,255,255,255,255,255,
  35   1      	255,255,255,255,255,255,255,255,255,255,255,255,255,255,255,255,255,
  36   1      	255,255,255,255,255,255
  37   1      	};
  38   1      
  39   1      	while(1) {			//Repeat forever
  40   2      		P2=tan[P1];		//Lookup output
  41   2      	}
  42   1      }
  43          
C51 COMPILER V6.10  MAIN_FULL                                                              03/26/2001 18:00:25 PAGE 2   

ASSEMBLY LISTING OF GENERATED OBJECT CODE


             ; FUNCTION main (BEGIN)
                                           ; SOURCE LINE # 19
0000         ?C0001:
                                           ; SOURCE LINE # 39
                                           ; SOURCE LINE # 40
0000 AF90              MOV     R7,P1
0002 EF                MOV     A,R7
0003 900000      R     MOV     DPTR,#tan
0006 93                MOVC    A,@A+DPTR
0007 F5A0              MOV     P2,A
                                           ; SOURCE LINE # 41
0009 80F5              SJMP    ?C0001
             ; FUNCTION main (END)



MODULE INFORMATION:   STATIC OVERLAYABLE
   CODE SIZE        =     11    ----
   CONSTANT SIZE    =    256    ----
   XDATA SIZE       =   ----    ----
   PDATA SIZE       =   ----    ----
   DATA SIZE        =   ----    ----
   IDATA SIZE       =   ----    ----
   BIT SIZE         =   ----    ----
END OF MODULE INFORMATION.


C51 COMPILATION COMPLETE.  0 WARNING(S),  0 ERROR(S)
